<?xml version="1.0" encoding="UTF-8"?>
<testng-results skipped="0" failed="0" total="1" passed="1">
  <reporter-output>
  </reporter-output>
  <suite name="Default suite" duration-ms="13246" started-at="2015-08-26T12:41:20Z" finished-at="2015-08-26T12:41:33Z">
    <groups>
    </groups>
    <test name="Default test" duration-ms="13246" started-at="2015-08-26T12:41:20Z" finished-at="2015-08-26T12:41:33Z">
      <class name="com.testworldweb.webdriver.WebDriverExample">
        <test-method status="PASS" signature="testGoogleSearch()[pri:0, instance:com.testworldweb.webdriver.WebDriverExample@6fffcba5]" name="testGoogleSearch" duration-ms="13228" started-at="2015-08-26T05:41:20Z" finished-at="2015-08-26T05:41:33Z">
          <reporter-output>
          </reporter-output>
        </test-method> <!-- testGoogleSearch -->
      </class> <!-- com.testworldweb.webdriver.WebDriverExample -->
    </test> <!-- Default test -->
  </suite> <!-- Default suite -->
</testng-results>
